Iterative mode:Rule -> DL -> Rule -> DL...
iter_round = 1
Clearing all tables...
All tables cleared!
Reseting knowledgebase...
Knowledgebase has been built successfully!
Executing make binding...
Attempt 1...
Make binding completed successfully.
Bind log has been saved to /iJTyper/Code/Baseline/logs/bind_lib_logs/gt1.txt
Executing make benchmark...
Attempt 1 of make benchmark...
Make benchmark completed successfully.
make benchmark log output_path = /iJTyper/Code/ours/MiddleResults/benchmark_log/mylib/gt1_pure_rule_stdout.txt
Processing java.lang.UnsupportedOperationException...
extra_field = [], len(extra_field) = 0
model_name: modelTuned_30  pred_way: type.method() --> <mask>.type.method()
/iJTyper/Code/Baseline/Prompt_tune/ASE_prompt_tuning/PromptInference/Practicality/SO_codeSnippet/mylib
file_name:  gt1.java
Prompt data has been saved to /iJTyper/Code/Baseline/Prompt_tune/ASE_prompt_tuning/PromptInference/Practicality/SO_codeSnippet/mylib/Prompt_data/gt1.java
file_name: gt1.java_compare.txt Total_FQN:3 Unique.2 recall:1.0000
Average_F1-Score: recall:1.0000 Total_FQN:3
csv file has been saved to /iJTyper/Code/ours/MiddleResults/csv_file/mylib/gt1_iter1.csv
iter_round = 2
Querying knowledge base...
Clearing all tables...
All tables cleared!
Building knowledgebase...
Executing make benchmark...
Attempt 1 of make benchmark...
Make benchmark completed successfully.
make benchmark log output_path = /iJTyper/Code/ours/MiddleResults/benchmark_log/mylib/gt1_stdout.txt
extra_types=['java/io/PrintStream'],len(extra_types)=1
Querying knowledge base...
Clearing all tables...
All tables cleared!
Building knowledgebase...
Executing make benchmark...
Attempt 1 of make benchmark...
Make benchmark completed successfully.
make benchmark log output_path = /iJTyper/Code/ours/MiddleResults/benchmark_log/mylib/gt1_stdout.txt
extra_types=['java/io/FilterOutputStream', 'java/util/function/Supplier', 'java/io/Serializable', 'java/io/Closeable'],len(extra_types)=4
Querying knowledge base...
Clearing all tables...
All tables cleared!
Building knowledgebase...
Executing make benchmark...
Attempt 1 of make benchmark...
Make benchmark completed successfully.
make benchmark log output_path = /iJTyper/Code/ours/MiddleResults/benchmark_log/mylib/gt1_stdout.txt
extra_types=['java/io/OutputStream'],len(extra_types)=1
Querying knowledge base...
Clearing all tables...
All tables cleared!
Building knowledgebase...
Executing make benchmark...
Attempt 1 of make benchmark...
Make benchmark completed successfully.
make benchmark log output_path = /iJTyper/Code/ours/MiddleResults/benchmark_log/mylib/gt1_stdout.txt
extra_types=['java/io/Flushable'],len(extra_types)=1
Querying knowledge base...
Clearing all tables...
All tables cleared!
Building knowledgebase...
Executing make benchmark...
Attempt 1 of make benchmark...
Make benchmark completed successfully.
make benchmark log output_path = /iJTyper/Code/ours/MiddleResults/benchmark_log/mylib/gt1_stdout.txt
extra_types=[],len(extra_types)=0
Executing make binding...
Attempt 1...
Make binding completed successfully.
bind log output_path = /iJTyper/Code/ours/MiddleResults/bind_log/mylib/gt1.txt
Processing java.lang.UnsupportedOperationException...
extra_field = [], len(extra_field) = 0
model_name: modelTuned_30  pred_way: type.method() --> <mask>.type.method()
/iJTyper/Code/Baseline/Prompt_tune/ASE_prompt_tuning/PromptInference/Practicality/SO_codeSnippet/mylib
file_name:  gt1.java
Prompt data has been saved to /iJTyper/Code/Baseline/Prompt_tune/ASE_prompt_tuning/PromptInference/Practicality/SO_codeSnippet/mylib/Prompt_data/gt1.java
file_name: gt1.java_compare.txt Total_FQN:3 Unique.2 recall:1.0000
Average_F1-Score: recall:1.0000 Total_FQN:3
csv file has been saved to /iJTyper/Code/ours/MiddleResults/csv_file/mylib/gt1_iter2.csv
gt1.java has been successfully processed after 2 rounds.
csv file has been saved to /iJTyper/Code/ours/MiddleResults/csv_file/mylib/gt1.csv
Output code snippet has been saved to /iJTyper/Code/ours/output/gt1.java
Iterative mode:Rule -> DL -> Rule -> DL...
iter_round = 1
Clearing all tables...
All tables cleared!
Reseting knowledgebase...
Knowledgebase has been built successfully!
Executing make binding...
Attempt 1...
Process timed out after 60 seconds. Retrying...
Attempt 2...
Make binding completed successfully.
Bind log has been saved to /iJTyper/Code/Baseline/logs/bind_lib_logs/gwt_class_49.txt
Executing make benchmark...
Attempt 1 of make benchmark...
Make benchmark completed successfully.
make benchmark log output_path = /iJTyper/Code/ours/MiddleResults/benchmark_log/mylib/gwt_class_49_pure_rule_stdout.txt
Processing java.lang.UnsupportedOperationException...
extra_field = [], len(extra_field) = 0
model_name: modelTuned_30  pred_way: type.method() --> <mask>.type.method()
/iJTyper/Code/Baseline/Prompt_tune/ASE_prompt_tuning/PromptInference/Practicality/SO_codeSnippet/mylib
file_name:  gwt_class_49.java
Prompt data has been saved to /iJTyper/Code/Baseline/Prompt_tune/ASE_prompt_tuning/PromptInference/Practicality/SO_codeSnippet/mylib/Prompt_data/gwt_class_49.java
file_name: gwt_class_49.java_compare.txt Total_FQN:10 Unique.5 recall:0.7000
Average_F1-Score: recall:0.7000 Total_FQN:10
csv file has been saved to /iJTyper/Code/ours/MiddleResults/csv_file/mylib/gwt_class_49_iter1.csv
iter_round = 2
Querying knowledge base...
Clearing all tables...
All tables cleared!
Building knowledgebase...
Executing make benchmark...
Attempt 1 of make benchmark...
Make benchmark completed successfully.
make benchmark log output_path = /iJTyper/Code/ours/MiddleResults/benchmark_log/mylib/gwt_class_49_stdout.txt
extra_types=['java/util/List', 'java/util/RandomAccess', 'com/google/gwt/core/client/JavaScriptObject', 'java/io/Serializable', 'com/google/gwt/user/client/Element', 'java/util/AbstractCollection'],len(extra_types)=6
Querying knowledge base...
Clearing all tables...
All tables cleared!
Building knowledgebase...
Executing make benchmark...
Attempt 1 of make benchmark...
Make benchmark completed successfully.
make benchmark log output_path = /iJTyper/Code/ours/MiddleResults/benchmark_log/mylib/gwt_class_49_stdout.txt
extra_types=['java/util/Collection'],len(extra_types)=1
Querying knowledge base...
Clearing all tables...
All tables cleared!
Building knowledgebase...
Executing make benchmark...
Attempt 1 of make benchmark...
Make benchmark completed successfully.
make benchmark log output_path = /iJTyper/Code/ours/MiddleResults/benchmark_log/mylib/gwt_class_49_stdout.txt
extra_types=[],len(extra_types)=0
Executing make binding...
Attempt 1...
Make binding completed successfully.
bind log output_path = /iJTyper/Code/ours/MiddleResults/bind_log/mylib/gwt_class_49.txt
Processing java.lang.UnsupportedOperationException...
extra_field = [], len(extra_field) = 0
model_name: modelTuned_30  pred_way: type.method() --> <mask>.type.method()
/iJTyper/Code/Baseline/Prompt_tune/ASE_prompt_tuning/PromptInference/Practicality/SO_codeSnippet/mylib
file_name:  gwt_class_49.java
Prompt data has been saved to /iJTyper/Code/Baseline/Prompt_tune/ASE_prompt_tuning/PromptInference/Practicality/SO_codeSnippet/mylib/Prompt_data/gwt_class_49.java
file_name: gwt_class_49.java_compare.txt Total_FQN:10 Unique.5 recall:0.7000
Average_F1-Score: recall:0.7000 Total_FQN:10
csv file has been saved to /iJTyper/Code/ours/MiddleResults/csv_file/mylib/gwt_class_49_iter2.csv
gwt_class_49.java has been successfully processed after 2 rounds.
csv file has been saved to /iJTyper/Code/ours/MiddleResults/csv_file/mylib/gwt_class_49.csv
Output code snippet has been saved to /iJTyper/Code/ours/output/gwt_class_49.java
Iterative mode:Rule -> DL -> Rule -> DL...
iter_round = 1
Clearing all tables...
All tables cleared!
Reseting knowledgebase...
Knowledgebase has been built successfully!
Executing make binding...
Attempt 1...
Make binding completed successfully.
Bind log has been saved to /iJTyper/Code/Baseline/logs/bind_lib_logs/hb1.txt
Executing make benchmark...
Attempt 1 of make benchmark...
Make benchmark completed successfully.
make benchmark log output_path = /iJTyper/Code/ours/MiddleResults/benchmark_log/mylib/hb1_pure_rule_stdout.txt
Processing java.lang.UnsupportedOperationException...
extra_field = [], len(extra_field) = 0
model_name: modelTuned_30  pred_way: type.method() --> <mask>.type.method()
/iJTyper/Code/Baseline/Prompt_tune/ASE_prompt_tuning/PromptInference/Practicality/SO_codeSnippet/mylib
file_name:  hb1.java
Prompt data has been saved to /iJTyper/Code/Baseline/Prompt_tune/ASE_prompt_tuning/PromptInference/Practicality/SO_codeSnippet/mylib/Prompt_data/hb1.java
file_name: hb1.java_compare.txt Total_FQN:2 Unique.1 recall:1.0000
Average_F1-Score: recall:1.0000 Total_FQN:2
csv file has been saved to /iJTyper/Code/ours/MiddleResults/csv_file/mylib/hb1_iter1.csv
iter_round = 2
Querying knowledge base...
Clearing all tables...
All tables cleared!
Building knowledgebase...
Executing make benchmark...
Attempt 1 of make benchmark...
Make benchmark completed successfully.
make benchmark log output_path = /iJTyper/Code/ours/MiddleResults/benchmark_log/mylib/hb1_stdout.txt
extra_types=['java/io/Serializable'],len(extra_types)=1
Querying knowledge base...
Clearing all tables...
All tables cleared!
Building knowledgebase...
Executing make benchmark...
Attempt 1 of make benchmark...
Make benchmark completed successfully.
make benchmark log output_path = /iJTyper/Code/ours/MiddleResults/benchmark_log/mylib/hb1_stdout.txt
extra_types=[],len(extra_types)=0
Executing make binding...
Attempt 1...
Make binding completed successfully.
bind log output_path = /iJTyper/Code/ours/MiddleResults/bind_log/mylib/hb1.txt
Processing java.lang.UnsupportedOperationException...
extra_field = [], len(extra_field) = 0
model_name: modelTuned_30  pred_way: type.method() --> <mask>.type.method()
/iJTyper/Code/Baseline/Prompt_tune/ASE_prompt_tuning/PromptInference/Practicality/SO_codeSnippet/mylib
file_name:  hb1.java
Prompt data has been saved to /iJTyper/Code/Baseline/Prompt_tune/ASE_prompt_tuning/PromptInference/Practicality/SO_codeSnippet/mylib/Prompt_data/hb1.java
file_name: hb1.java_compare.txt Total_FQN:2 Unique.1 recall:1.0000
Average_F1-Score: recall:1.0000 Total_FQN:2
csv file has been saved to /iJTyper/Code/ours/MiddleResults/csv_file/mylib/hb1_iter2.csv
hb1.java has been successfully processed after 2 rounds.
csv file has been saved to /iJTyper/Code/ours/MiddleResults/csv_file/mylib/hb1.csv
Output code snippet has been saved to /iJTyper/Code/ours/output/hb1.java
